[2024-06-30 15:41:35] This is codeql database create subdir/exampledb --source-root=subdir/ --language=javascript-typescript
[2024-06-30 15:41:35] Log file was started late.
[2024-06-30 15:41:35] [PROGRESS] database create> Initializing database at /home/jacob/projects/codeql-gettype-demo/subdir/exampledb.
[2024-06-30 15:41:35] Running plumbing command: codeql database init --language=javascript-typescript --extractor-options-verbosity=1 --qlconfig-file=/home/jacob/projects/codeql-gettype-demo/qlconfig.yml --source-root=/home/jacob/projects/codeql-gettype-demo/subdir --allow-missing-source-root=false --allow-already-existing -- /home/jacob/projects/codeql-gettype-demo/subdir/exampledb
[2024-06-30 15:41:35] Calling plumbing command: codeql resolve languages --extractor-options-verbosity=1 --format=betterjson
[2024-06-30 15:41:35] [DETAILS] resolve languages> Scanning for [codeql-extractor.yml] from /opt/codeql/.codeqlmanifest.json
[2024-06-30 15:41:35] [DETAILS] resolve languages> Parsing /opt/codeql/cpp/codeql-extractor.yml.
[2024-06-30 15:41:35] [DETAILS] resolve languages> Parsing /opt/codeql/csharp/codeql-extractor.yml.
[2024-06-30 15:41:35] [DETAILS] resolve languages> Parsing /opt/codeql/csv/codeql-extractor.yml.
[2024-06-30 15:41:35] [DETAILS] resolve languages> Parsing /opt/codeql/go/codeql-extractor.yml.
[2024-06-30 15:41:35] [DETAILS] resolve languages> Parsing /opt/codeql/html/codeql-extractor.yml.
[2024-06-30 15:41:35] [DETAILS] resolve languages> Parsing /opt/codeql/java/codeql-extractor.yml.
[2024-06-30 15:41:35] [DETAILS] resolve languages> Parsing /opt/codeql/javascript/codeql-extractor.yml.
[2024-06-30 15:41:35] [DETAILS] resolve languages> Parsing /opt/codeql/properties/codeql-extractor.yml.
[2024-06-30 15:41:35] [DETAILS] resolve languages> Parsing /opt/codeql/python/codeql-extractor.yml.
[2024-06-30 15:41:35] [DETAILS] resolve languages> Parsing /opt/codeql/ruby/codeql-extractor.yml.
[2024-06-30 15:41:35] [DETAILS] resolve languages> Parsing /opt/codeql/swift/codeql-extractor.yml.
[2024-06-30 15:41:35] [DETAILS] resolve languages> Parsing /opt/codeql/xml/codeql-extractor.yml.
[2024-06-30 15:41:35] [DETAILS] resolve languages> Parsing /opt/codeql/yaml/codeql-extractor.yml.
[2024-06-30 15:41:35] Plumbing command codeql resolve languages completed:
                      {
                        "aliases" : {
                          "c" : "cpp",
                          "c++" : "cpp",
                          "c-c++" : "cpp",
                          "c-cpp" : "cpp",
                          "c#" : "csharp",
                          "java-kotlin" : "java",
                          "kotlin" : "java",
                          "javascript-typescript" : "javascript",
                          "typescript" : "javascript"
                        },
                        "extractors" : {
                          "cpp" : [
                            {
                              "extractor_root" : "/opt/codeql/cpp",
                              "extractor_options" : { }
                            }
                          ],
                          "csharp" : [
                            {
                              "extractor_root" : "/opt/codeql/csharp",
                              "extractor_options" : {
                                "trap" : {
                                  "title" : "Options pertaining to TRAP.",
                                  "description" : "Options pertaining to TRAP.",
                                  "type" : "object",
                                  "properties" : {
                                    "compression" : {
                                      "title" : "Controls compression for the TRAP files written by the extractor.",
                                      "description" : "This option is only intended for use in debugging the extractor. Accepted values are 'brotli' (the default, to write brotli-compressed TRAP), 'gzip', and 'none' (to write uncompressed TRAP).\n",
                                      "type" : "string",
                                      "pattern" : "^(none|gzip|brotli)$"
                                    }
                                  }
                                },
                                "buildless" : {
                                  "title" : "DEPRECATED - Whether to use buildless (standalone) extraction.",
                                  "description" : "DEPRECATED: Use `--build-mode none` instead.\nA value indicating, which type of extraction the autobuilder should perform. If 'true', then the standalone extractor will be used, otherwise tracing extraction will be performed. The default is 'false'. Note that buildless extraction will generally yield less accurate analysis results, and should only be used in cases where it is not possible to build the code (for example if it uses inaccessible dependencies).\n",
                                  "type" : "string",
                                  "pattern" : "^(false|true)$"
                                },
                                "logging" : {
                                  "title" : "Options pertaining to logging.",
                                  "description" : "Options pertaining to logging.",
                                  "type" : "object",
                                  "properties" : {
                                    "verbosity" : {
                                      "title" : "Extractor logging verbosity level.",
                                      "description" : "Controls the level of verbosity of the extractor. The supported levels are (in order of increasing verbosity):\n  - off\n  - errors\n  - warnings\n  - info or progress\n  - debug or progress+\n  - trace or progress++\n  - progress+++\n",
                                      "type" : "string",
                                      "pattern" : "^(off|errors|warnings|(info|progress)|(debug|progress\\+)|(trace|progress\\+\\+)|progress\\+\\+\\+)$"
                                    }
                                  }
                                }
                              }
                            }
                          ],
                          "csv" : [
                            {
                              "extractor_root" : "/opt/codeql/csv"
                            }
                          ],
                          "go" : [
                            {
                              "extractor_root" : "/opt/codeql/go"
                            }
                          ],
                          "html" : [
                            {
                              "extractor_root" : "/opt/codeql/html"
                            }
                          ],
                          "java" : [
                            {
                              "extractor_root" : "/opt/codeql/java",
                              "extractor_options" : {
                                "exclude" : {
                                  "title" : "A glob excluding files from analysis.",
                                  "description" : "A glob indicating what files to exclude from the analysis.\n",
                                  "type" : "string"
                                },
                                "add_prefer_source" : {
                                  "title" : "Whether to always prefer source files over class files.",
                                  "description" : "A value indicating whether source files should be preferred over class files. If set to 'true', the extraction adds '-Xprefer:source' to the javac command line. If set to 'false', the extraction uses the default javac behavior ('-Xprefer:newer'). The default is 'true'.\n",
                                  "type" : "string",
                                  "pattern" : "^(false|true)$"
                                },
                                "buildless" : {
                                  "title" : "Whether to use buildless (standalone) extraction (experimental).",
                                  "description" : "A value indicating, which type of extraction the autobuilder should perform. If 'true', then the standalone extractor will be used, otherwise tracing extraction will be performed. The default is 'false'. Note that buildless extraction will generally yield less accurate analysis results, and should only be used in cases where it is not possible to build the code (for example if it uses inaccessible dependencies).\n",
                                  "type" : "string",
                                  "pattern" : "^(false|true)$"
                                }
                              }
                            }
                          ],
                          "javascript" : [
                            {
                              "extractor_root" : "/opt/codeql/javascript",
                              "extractor_options" : {
                                "skip_types" : {
                                  "title" : "Skip type extraction for TypeScript",
                                  "description" : "Whether to skip the extraction of types in a TypeScript application",
                                  "type" : "string",
                                  "pattern" : "^(false|true)$"
                                }
                              }
                            }
                          ],
                          "properties" : [
                            {
                              "extractor_root" : "/opt/codeql/properties"
                            }
                          ],
                          "python" : [
                            {
                              "extractor_root" : "/opt/codeql/python",
                              "extractor_options" : {
                                "logging" : {
                                  "title" : "Options pertaining to logging.",
                                  "description" : "Options pertaining to logging.",
                                  "type" : "object",
                                  "properties" : {
                                    "verbosity" : {
                                      "title" : "Python extractor logging verbosity level.",
                                      "description" : "Controls the level of verbosity of the CodeQL Python extractor.\nThe supported levels are (in order of increasing verbosity):\n\n  - off\n  - errors\n  - warnings\n  - info or progress\n  - debug or progress+\n  - trace or progress++\n  - progress+++\n",
                                      "type" : "string",
                                      "pattern" : "^(off|errors|warnings|(info|progress)|(debug|progress\\+)|(trace|progress\\+\\+)|progress\\+\\+\\+)$"
                                    }
                                  }
                                },
                                "python_executable_name" : {
                                  "title" : "Controls the name of the Python executable used by the Python extractor.",
                                  "description" : "The Python extractor uses platform-dependent heuristics to determine the name of the Python executable to use. Specifying a value for this option overrides the name of the Python executable used by the extractor. Accepted values are py, python and python3. Use this setting with caution, the Python extractor requires Python 3 to run.\n",
                                  "type" : "string",
                                  "pattern" : "^(py|python|python3)$"
                                }
                              }
                            }
                          ],
                          "ruby" : [
                            {
                              "extractor_root" : "/opt/codeql/ruby",
                              "extractor_options" : {
                                "trap" : {
                                  "title" : "Options pertaining to TRAP.",
                                  "description" : "Options pertaining to TRAP.",
                                  "type" : "object",
                                  "properties" : {
                                    "compression" : {
                                      "title" : "Controls compression for the TRAP files written by the extractor.",
                                      "description" : "This option is only intended for use in debugging the extractor. Accepted values are 'gzip' (the default, to write gzip-compressed TRAP) and 'none' (to write uncompressed TRAP).\n",
                                      "type" : "string",
                                      "pattern" : "^(none|gzip)$"
                                    }
                                  }
                                }
                              }
                            }
                          ],
                          "swift" : [
                            {
                              "extractor_root" : "/opt/codeql/swift"
                            }
                          ],
                          "xml" : [
                            {
                              "extractor_root" : "/opt/codeql/xml"
                            }
                          ],
                          "yaml" : [
                            {
                              "extractor_root" : "/opt/codeql/yaml"
                            }
                          ]
                        }
                      }
[2024-06-30 15:41:35] [PROGRESS] database init> Calculating baseline information in /home/jacob/projects/codeql-gettype-demo/subdir
[2024-06-30 15:41:35] [SPAMMY] database init> Ignoring the following directories when processing baseline information: .git, .hg, .svn.
[2024-06-30 15:41:35] [DETAILS] database init> Running command in /home/jacob/projects/codeql-gettype-demo/subdir: /opt/codeql/tools/linux64/scc --by-file --exclude-dir .git,.hg,.svn --format json --no-large --no-min .
[2024-06-30 15:41:35] Using configure-baseline script /opt/codeql/javascript/tools/configure-baseline.sh.
[2024-06-30 15:41:35] [PROGRESS] database init> Running command in /home/jacob/projects/codeql-gettype-demo/subdir: [/opt/codeql/javascript/tools/configure-baseline.sh]
[2024-06-30 15:41:35] [SPAMMY] database init> Found 2 baseline files for javascript.
[2024-06-30 15:41:35] [PROGRESS] database init> Calculated baseline information for languages: javascript (25ms).
[2024-06-30 15:41:35] [PROGRESS] database init> Resolving extractor javascript.
[2024-06-30 15:41:35] [DETAILS] database init> Found candidate extractor root for javascript: /opt/codeql/javascript.
[2024-06-30 15:41:35] [PROGRESS] database init> Successfully loaded extractor JavaScript/TypeScript (javascript) from /opt/codeql/javascript.
[2024-06-30 15:41:35] [PROGRESS] database init> Created skeleton CodeQL database at /home/jacob/projects/codeql-gettype-demo/subdir/exampledb. This in-progress database is ready to be populated by an extractor.
[2024-06-30 15:41:35] Plumbing command codeql database init completed.
[2024-06-30 15:41:35] [PROGRESS] database create> Running build command: []
[2024-06-30 15:41:35] Running plumbing command: codeql database trace-command --working-dir=/home/jacob/projects/codeql-gettype-demo/subdir --index-traceless-dbs --no-db-cluster -- /home/jacob/projects/codeql-gettype-demo/subdir/exampledb
[2024-06-30 15:41:35] Using autobuild script /opt/codeql/javascript/tools/autobuild.sh.
[2024-06-30 15:41:35] [PROGRESS] database trace-command> Running command in /home/jacob/projects/codeql-gettype-demo/subdir: [/opt/codeql/javascript/tools/autobuild.sh]
[2024-06-30 15:41:35] [build-stdout] Single-threaded extraction.
[2024-06-30 15:41:35] [build-stdout] Found Node.js at: node
[2024-06-30 15:41:35] [build-stdout] Found Node.js version: v21.6.2
[2024-06-30 15:41:35] [build-stdout] Memory for TypeScript process: 2000 MB, and 400 MB reserve
[2024-06-30 15:41:35] [build-stdout] Extracting /home/jacob/projects/codeql-gettype-demo/subdir/example.ts
[2024-06-30 15:41:35] [build-stdout] Done extracting /home/jacob/projects/codeql-gettype-demo/subdir/example.ts (34 ms)
[2024-06-30 15:41:35] [build-stdout] Extracting /home/jacob/projects/codeql-gettype-demo/subdir/types.ts
[2024-06-30 15:41:35] [build-stdout] Done extracting /home/jacob/projects/codeql-gettype-demo/subdir/types.ts (1 ms)
[2024-06-30 15:41:35] [build-stderr] No externs trap cache found
[2024-06-30 15:41:35] [build-stdout] Extracting /opt/codeql/javascript/tools/data/externs/es/es2016.js
[2024-06-30 15:41:35] [build-stdout] Done extracting /opt/codeql/javascript/tools/data/externs/es/es2016.js (6 ms)
[2024-06-30 15:41:35] [build-stdout] Extracting /opt/codeql/javascript/tools/data/externs/es/es2017.js
[2024-06-30 15:41:35] [build-stdout] Done extracting /opt/codeql/javascript/tools/data/externs/es/es2017.js (4 ms)
[2024-06-30 15:41:35] [build-stdout] Extracting /opt/codeql/javascript/tools/data/externs/es/es3.js
[2024-06-30 15:41:35] [build-stdout] Done extracting /opt/codeql/javascript/tools/data/externs/es/es3.js (93 ms)
[2024-06-30 15:41:35] [build-stdout] Extracting /opt/codeql/javascript/tools/data/externs/es/es5.js
[2024-06-30 15:41:35] [build-stdout] Done extracting /opt/codeql/javascript/tools/data/externs/es/es5.js (8 ms)
[2024-06-30 15:41:35] [build-stdout] Extracting /opt/codeql/javascript/tools/data/externs/es/es6.js
[2024-06-30 15:41:35] [build-stdout] Done extracting /opt/codeql/javascript/tools/data/externs/es/es6.js (40 ms)
[2024-06-30 15:41:35] [build-stdout] Extracting /opt/codeql/javascript/tools/data/externs/es/es6_collections.js
[2024-06-30 15:41:35] [build-stdout] Done extracting /opt/codeql/javascript/tools/data/externs/es/es6_collections.js (5 ms)
[2024-06-30 15:41:35] [build-stdout] Extracting /opt/codeql/javascript/tools/data/externs/es/intl.js
[2024-06-30 15:41:35] [build-stdout] Done extracting /opt/codeql/javascript/tools/data/externs/es/intl.js (5 ms)
[2024-06-30 15:41:35] [build-stdout] Extracting /opt/codeql/javascript/tools/data/externs/es/proxy.js
[2024-06-30 15:41:35] [build-stdout] Done extracting /opt/codeql/javascript/tools/data/externs/es/proxy.js (0 ms)
[2024-06-30 15:41:35] [build-stdout] Extracting /opt/codeql/javascript/tools/data/externs/lib/bdd.js
[2024-06-30 15:41:35] [build-stdout] Done extracting /opt/codeql/javascript/tools/data/externs/lib/bdd.js (2 ms)
[2024-06-30 15:41:35] [build-stdout] Extracting /opt/codeql/javascript/tools/data/externs/lib/jquery-3.2.js
[2024-06-30 15:41:36] [build-stdout] Done extracting /opt/codeql/javascript/tools/data/externs/lib/jquery-3.2.js (67 ms)
[2024-06-30 15:41:36] [build-stdout] Extracting /opt/codeql/javascript/tools/data/externs/lib/should.js
[2024-06-30 15:41:36] [build-stdout] Done extracting /opt/codeql/javascript/tools/data/externs/lib/should.js (8 ms)
[2024-06-30 15:41:36] [build-stdout] Extracting /opt/codeql/javascript/tools/data/externs/lib/vows.js
[2024-06-30 15:41:36] [build-stdout] Done extracting /opt/codeql/javascript/tools/data/externs/lib/vows.js (8 ms)
[2024-06-30 15:41:36] [build-stdout] Extracting /opt/codeql/javascript/tools/data/externs/nodejs/assert.js
[2024-06-30 15:41:36] [build-stdout] Done extracting /opt/codeql/javascript/tools/data/externs/nodejs/assert.js (8 ms)
[2024-06-30 15:41:36] [build-stdout] Extracting /opt/codeql/javascript/tools/data/externs/nodejs/assert_legacy.js
[2024-06-30 15:41:36] [build-stdout] Done extracting /opt/codeql/javascript/tools/data/externs/nodejs/assert_legacy.js (1 ms)
[2024-06-30 15:41:36] [build-stdout] Extracting /opt/codeql/javascript/tools/data/externs/nodejs/buffer.js
[2024-06-30 15:41:36] [build-stdout] Done extracting /opt/codeql/javascript/tools/data/externs/nodejs/buffer.js (4 ms)
[2024-06-30 15:41:36] [build-stdout] Extracting /opt/codeql/javascript/tools/data/externs/nodejs/child_process.js
[2024-06-30 15:41:36] [build-stdout] Done extracting /opt/codeql/javascript/tools/data/externs/nodejs/child_process.js (29 ms)
[2024-06-30 15:41:36] [build-stdout] Extracting /opt/codeql/javascript/tools/data/externs/nodejs/cluster.js
[2024-06-30 15:41:36] [build-stdout] Done extracting /opt/codeql/javascript/tools/data/externs/nodejs/cluster.js (37 ms)
[2024-06-30 15:41:36] [build-stdout] Extracting /opt/codeql/javascript/tools/data/externs/nodejs/console.js
[2024-06-30 15:41:36] [build-stdout] Done extracting /opt/codeql/javascript/tools/data/externs/nodejs/console.js (1 ms)
[2024-06-30 15:41:36] [build-stdout] Extracting /opt/codeql/javascript/tools/data/externs/nodejs/constants.js
[2024-06-30 15:41:36] [build-stdout] Done extracting /opt/codeql/javascript/tools/data/externs/nodejs/constants.js (51 ms)
[2024-06-30 15:41:36] [build-stdout] Extracting /opt/codeql/javascript/tools/data/externs/nodejs/crypto.js
[2024-06-30 15:41:36] [build-stdout] Done extracting /opt/codeql/javascript/tools/data/externs/nodejs/crypto.js (32 ms)
[2024-06-30 15:41:36] [build-stdout] Extracting /opt/codeql/javascript/tools/data/externs/nodejs/dgram.js
[2024-06-30 15:41:36] [build-stdout] Done extracting /opt/codeql/javascript/tools/data/externs/nodejs/dgram.js (7 ms)
[2024-06-30 15:41:36] [build-stdout] Extracting /opt/codeql/javascript/tools/data/externs/nodejs/dns.js
[2024-06-30 15:41:36] [build-stdout] Done extracting /opt/codeql/javascript/tools/data/externs/nodejs/dns.js (10 ms)
[2024-06-30 15:41:36] [build-stdout] Extracting /opt/codeql/javascript/tools/data/externs/nodejs/domain.js
[2024-06-30 15:41:36] [build-stdout] Done extracting /opt/codeql/javascript/tools/data/externs/nodejs/domain.js (3 ms)
[2024-06-30 15:41:36] [build-stdout] Extracting /opt/codeql/javascript/tools/data/externs/nodejs/events.js
[2024-06-30 15:41:36] [build-stdout] Done extracting /opt/codeql/javascript/tools/data/externs/nodejs/events.js (3 ms)
[2024-06-30 15:41:36] [build-stdout] Extracting /opt/codeql/javascript/tools/data/externs/nodejs/fs.js
[2024-06-30 15:41:36] [build-stdout] Done extracting /opt/codeql/javascript/tools/data/externs/nodejs/fs.js (51 ms)
[2024-06-30 15:41:36] [build-stdout] Extracting /opt/codeql/javascript/tools/data/externs/nodejs/globals.js
[2024-06-30 15:41:36] [build-stdout] Done extracting /opt/codeql/javascript/tools/data/externs/nodejs/globals.js (53 ms)
[2024-06-30 15:41:36] [build-stdout] Extracting /opt/codeql/javascript/tools/data/externs/nodejs/http.js
[2024-06-30 15:41:36] [build-stdout] Done extracting /opt/codeql/javascript/tools/data/externs/nodejs/http.js (17 ms)
[2024-06-30 15:41:36] [build-stdout] Extracting /opt/codeql/javascript/tools/data/externs/nodejs/https.js
[2024-06-30 15:41:36] [build-stdout] Done extracting /opt/codeql/javascript/tools/data/externs/nodejs/https.js (6 ms)
[2024-06-30 15:41:36] [build-stdout] Extracting /opt/codeql/javascript/tools/data/externs/nodejs/module.js
[2024-06-30 15:41:36] [build-stdout] Done extracting /opt/codeql/javascript/tools/data/externs/nodejs/module.js (2 ms)
[2024-06-30 15:41:36] [build-stdout] Extracting /opt/codeql/javascript/tools/data/externs/nodejs/net.js
[2024-06-30 15:41:36] [build-stdout] Done extracting /opt/codeql/javascript/tools/data/externs/nodejs/net.js (19 ms)
[2024-06-30 15:41:36] [build-stdout] Extracting /opt/codeql/javascript/tools/data/externs/nodejs/os.js
[2024-06-30 15:41:36] [build-stdout] Done extracting /opt/codeql/javascript/tools/data/externs/nodejs/os.js (7 ms)
[2024-06-30 15:41:36] [build-stdout] Extracting /opt/codeql/javascript/tools/data/externs/nodejs/path.js
[2024-06-30 15:41:36] [build-stdout] Done extracting /opt/codeql/javascript/tools/data/externs/nodejs/path.js (9 ms)
[2024-06-30 15:41:36] [build-stdout] Extracting /opt/codeql/javascript/tools/data/externs/nodejs/process.js
[2024-06-30 15:41:36] [build-stdout] Done extracting /opt/codeql/javascript/tools/data/externs/nodejs/process.js (0 ms)
[2024-06-30 15:41:36] [build-stdout] Extracting /opt/codeql/javascript/tools/data/externs/nodejs/punycode.js
[2024-06-30 15:41:36] [build-stdout] Done extracting /opt/codeql/javascript/tools/data/externs/nodejs/punycode.js (2 ms)
[2024-06-30 15:41:36] [build-stdout] Extracting /opt/codeql/javascript/tools/data/externs/nodejs/querystring.js
[2024-06-30 15:41:36] [build-stdout] Done extracting /opt/codeql/javascript/tools/data/externs/nodejs/querystring.js (3 ms)
[2024-06-30 15:41:36] [build-stdout] Extracting /opt/codeql/javascript/tools/data/externs/nodejs/readline.js
[2024-06-30 15:41:36] [build-stdout] Done extracting /opt/codeql/javascript/tools/data/externs/nodejs/readline.js (6 ms)
[2024-06-30 15:41:36] [build-stdout] Extracting /opt/codeql/javascript/tools/data/externs/nodejs/repl.js
[2024-06-30 15:41:36] [build-stdout] Done extracting /opt/codeql/javascript/tools/data/externs/nodejs/repl.js (3 ms)
[2024-06-30 15:41:36] [build-stdout] Extracting /opt/codeql/javascript/tools/data/externs/nodejs/stream.js
[2024-06-30 15:41:36] [build-stdout] Done extracting /opt/codeql/javascript/tools/data/externs/nodejs/stream.js (24 ms)
[2024-06-30 15:41:36] [build-stdout] Extracting /opt/codeql/javascript/tools/data/externs/nodejs/string_decoder.js
[2024-06-30 15:41:36] [build-stdout] Done extracting /opt/codeql/javascript/tools/data/externs/nodejs/string_decoder.js (2 ms)
[2024-06-30 15:41:36] [build-stdout] Extracting /opt/codeql/javascript/tools/data/externs/nodejs/sys.js
[2024-06-30 15:41:36] [build-stdout] Done extracting /opt/codeql/javascript/tools/data/externs/nodejs/sys.js (1 ms)
[2024-06-30 15:41:36] [build-stdout] Extracting /opt/codeql/javascript/tools/data/externs/nodejs/timers.js
[2024-06-30 15:41:36] [build-stdout] Done extracting /opt/codeql/javascript/tools/data/externs/nodejs/timers.js (3 ms)
[2024-06-30 15:41:36] [build-stdout] Extracting /opt/codeql/javascript/tools/data/externs/nodejs/tls.js
[2024-06-30 15:41:36] [build-stdout] Done extracting /opt/codeql/javascript/tools/data/externs/nodejs/tls.js (15 ms)
[2024-06-30 15:41:36] [build-stdout] Extracting /opt/codeql/javascript/tools/data/externs/nodejs/tty.js
[2024-06-30 15:41:36] [build-stdout] Done extracting /opt/codeql/javascript/tools/data/externs/nodejs/tty.js (3 ms)
[2024-06-30 15:41:36] [build-stdout] Extracting /opt/codeql/javascript/tools/data/externs/nodejs/url.js
[2024-06-30 15:41:36] [build-stdout] Done extracting /opt/codeql/javascript/tools/data/externs/nodejs/url.js (3 ms)
[2024-06-30 15:41:36] [build-stdout] Extracting /opt/codeql/javascript/tools/data/externs/nodejs/util.js
[2024-06-30 15:41:36] [build-stdout] Done extracting /opt/codeql/javascript/tools/data/externs/nodejs/util.js (9 ms)
[2024-06-30 15:41:36] [build-stdout] Extracting /opt/codeql/javascript/tools/data/externs/nodejs/v8.js
[2024-06-30 15:41:36] [build-stdout] Done extracting /opt/codeql/javascript/tools/data/externs/nodejs/v8.js (2 ms)
[2024-06-30 15:41:36] [build-stdout] Extracting /opt/codeql/javascript/tools/data/externs/nodejs/vm.js
[2024-06-30 15:41:36] [build-stdout] Done extracting /opt/codeql/javascript/tools/data/externs/nodejs/vm.js (5 ms)
[2024-06-30 15:41:36] [build-stdout] Extracting /opt/codeql/javascript/tools/data/externs/nodejs/zlib.js
[2024-06-30 15:41:36] [build-stdout] Done extracting /opt/codeql/javascript/tools/data/externs/nodejs/zlib.js (14 ms)
[2024-06-30 15:41:36] [build-stdout] Extracting /opt/codeql/javascript/tools/data/externs/vm/jsshell.js
[2024-06-30 15:41:36] [build-stdout] Done extracting /opt/codeql/javascript/tools/data/externs/vm/jsshell.js (17 ms)
[2024-06-30 15:41:36] [build-stdout] Extracting /opt/codeql/javascript/tools/data/externs/vm/rhino.js
[2024-06-30 15:41:36] [build-stdout] Done extracting /opt/codeql/javascript/tools/data/externs/vm/rhino.js (2 ms)
[2024-06-30 15:41:36] [build-stdout] Extracting /opt/codeql/javascript/tools/data/externs/vm/spidermonkey.js
[2024-06-30 15:41:36] [build-stdout] Done extracting /opt/codeql/javascript/tools/data/externs/vm/spidermonkey.js (0 ms)
[2024-06-30 15:41:36] [build-stdout] Extracting /opt/codeql/javascript/tools/data/externs/vm/v8.js
[2024-06-30 15:41:36] [build-stdout] Done extracting /opt/codeql/javascript/tools/data/externs/vm/v8.js (2 ms)
[2024-06-30 15:41:36] [build-stdout] Extracting /opt/codeql/javascript/tools/data/externs/web/chrome.js
[2024-06-30 15:41:36] [build-stdout] Done extracting /opt/codeql/javascript/tools/data/externs/web/chrome.js (14 ms)
[2024-06-30 15:41:36] [build-stdout] Extracting /opt/codeql/javascript/tools/data/externs/web/fetchapi.js
[2024-06-30 15:41:36] [build-stdout] Done extracting /opt/codeql/javascript/tools/data/externs/web/fetchapi.js (12 ms)
[2024-06-30 15:41:36] [build-stdout] Extracting /opt/codeql/javascript/tools/data/externs/web/fileapi.js
[2024-06-30 15:41:36] [build-stdout] Done extracting /opt/codeql/javascript/tools/data/externs/web/fileapi.js (24 ms)
[2024-06-30 15:41:36] [build-stdout] Extracting /opt/codeql/javascript/tools/data/externs/web/flash.js
[2024-06-30 15:41:36] [build-stdout] Done extracting /opt/codeql/javascript/tools/data/externs/web/flash.js (6 ms)
[2024-06-30 15:41:36] [build-stdout] Extracting /opt/codeql/javascript/tools/data/externs/web/gecko_css.js
[2024-06-30 15:41:36] [build-stdout] Done extracting /opt/codeql/javascript/tools/data/externs/web/gecko_css.js (6 ms)
[2024-06-30 15:41:36] [build-stdout] Extracting /opt/codeql/javascript/tools/data/externs/web/gecko_dom.js
[2024-06-30 15:41:36] [build-stdout] Done extracting /opt/codeql/javascript/tools/data/externs/web/gecko_dom.js (20 ms)
[2024-06-30 15:41:36] [build-stdout] Extracting /opt/codeql/javascript/tools/data/externs/web/gecko_event.js
[2024-06-30 15:41:36] [build-stdout] Done extracting /opt/codeql/javascript/tools/data/externs/web/gecko_event.js (3 ms)
[2024-06-30 15:41:36] [build-stdout] Extracting /opt/codeql/javascript/tools/data/externs/web/gecko_ext.js
[2024-06-30 15:41:36] [build-stdout] Done extracting /opt/codeql/javascript/tools/data/externs/web/gecko_ext.js (0 ms)
[2024-06-30 15:41:36] [build-stdout] Extracting /opt/codeql/javascript/tools/data/externs/web/gecko_xml.js
[2024-06-30 15:41:36] [build-stdout] Done extracting /opt/codeql/javascript/tools/data/externs/web/gecko_xml.js (1 ms)
[2024-06-30 15:41:36] [build-stdout] Extracting /opt/codeql/javascript/tools/data/externs/web/html5.js
[2024-06-30 15:41:36] [build-stdout] Done extracting /opt/codeql/javascript/tools/data/externs/web/html5.js (104 ms)
[2024-06-30 15:41:36] [build-stdout] Extracting /opt/codeql/javascript/tools/data/externs/web/ie_css.js
[2024-06-30 15:41:36] [build-stdout] Done extracting /opt/codeql/javascript/tools/data/externs/web/ie_css.js (7 ms)
[2024-06-30 15:41:36] [build-stdout] Extracting /opt/codeql/javascript/tools/data/externs/web/ie_dom.js
[2024-06-30 15:41:36] [build-stdout] Done extracting /opt/codeql/javascript/tools/data/externs/web/ie_dom.js (28 ms)
[2024-06-30 15:41:36] [build-stdout] Extracting /opt/codeql/javascript/tools/data/externs/web/ie_event.js
[2024-06-30 15:41:36] [build-stdout] Done extracting /opt/codeql/javascript/tools/data/externs/web/ie_event.js (7 ms)
[2024-06-30 15:41:36] [build-stdout] Extracting /opt/codeql/javascript/tools/data/externs/web/ie_vml.js
[2024-06-30 15:41:36] [build-stdout] Done extracting /opt/codeql/javascript/tools/data/externs/web/ie_vml.js (1 ms)
[2024-06-30 15:41:36] [build-stdout] Extracting /opt/codeql/javascript/tools/data/externs/web/intl.js
[2024-06-30 15:41:36] [build-stdout] Done extracting /opt/codeql/javascript/tools/data/externs/web/intl.js (5 ms)
[2024-06-30 15:41:36] [build-stdout] Extracting /opt/codeql/javascript/tools/data/externs/web/iphone.js
[2024-06-30 15:41:36] [build-stdout] Done extracting /opt/codeql/javascript/tools/data/externs/web/iphone.js (3 ms)
[2024-06-30 15:41:36] [build-stdout] Extracting /opt/codeql/javascript/tools/data/externs/web/mediasource.js
[2024-06-30 15:41:36] [build-stdout] Done extracting /opt/codeql/javascript/tools/data/externs/web/mediasource.js (4 ms)
[2024-06-30 15:41:36] [build-stdout] Extracting /opt/codeql/javascript/tools/data/externs/web/page_visibility.js
[2024-06-30 15:41:36] [build-stdout] Done extracting /opt/codeql/javascript/tools/data/externs/web/page_visibility.js (0 ms)
[2024-06-30 15:41:36] [build-stdout] Extracting /opt/codeql/javascript/tools/data/externs/web/streamsapi.js
[2024-06-30 15:41:36] [build-stdout] Done extracting /opt/codeql/javascript/tools/data/externs/web/streamsapi.js (11 ms)
[2024-06-30 15:41:36] [build-stdout] Extracting /opt/codeql/javascript/tools/data/externs/web/url.js
[2024-06-30 15:41:36] [build-stdout] Done extracting /opt/codeql/javascript/tools/data/externs/web/url.js (3 ms)
[2024-06-30 15:41:36] [build-stdout] Extracting /opt/codeql/javascript/tools/data/externs/web/w3c_anim_timing.js
[2024-06-30 15:41:36] [build-stdout] Done extracting /opt/codeql/javascript/tools/data/externs/web/w3c_anim_timing.js (2 ms)
[2024-06-30 15:41:36] [build-stdout] Extracting /opt/codeql/javascript/tools/data/externs/web/w3c_batterystatus.js
[2024-06-30 15:41:36] [build-stdout] Done extracting /opt/codeql/javascript/tools/data/externs/web/w3c_batterystatus.js (1 ms)
[2024-06-30 15:41:36] [build-stdout] Extracting /opt/codeql/javascript/tools/data/externs/web/w3c_css.js
[2024-06-30 15:41:36] [build-stdout] Done extracting /opt/codeql/javascript/tools/data/externs/web/w3c_css.js (48 ms)
[2024-06-30 15:41:36] [build-stdout] Extracting /opt/codeql/javascript/tools/data/externs/web/w3c_css3d.js
[2024-06-30 15:41:36] [build-stdout] Done extracting /opt/codeql/javascript/tools/data/externs/web/w3c_css3d.js (4 ms)
[2024-06-30 15:41:36] [build-stdout] Extracting /opt/codeql/javascript/tools/data/externs/web/w3c_device_sensor_event.js
[2024-06-30 15:41:36] [build-stdout] Done extracting /opt/codeql/javascript/tools/data/externs/web/w3c_device_sensor_event.js (2 ms)
[2024-06-30 15:41:36] [build-stdout] Extracting /opt/codeql/javascript/tools/data/externs/web/w3c_dom1.js
[2024-06-30 15:41:36] [build-stdout] Done extracting /opt/codeql/javascript/tools/data/externs/web/w3c_dom1.js (23 ms)
[2024-06-30 15:41:36] [build-stdout] Extracting /opt/codeql/javascript/tools/data/externs/web/w3c_dom2.js
[2024-06-30 15:41:36] [build-stdout] Done extracting /opt/codeql/javascript/tools/data/externs/web/w3c_dom2.js (50 ms)
[2024-06-30 15:41:36] [build-stdout] Extracting /opt/codeql/javascript/tools/data/externs/web/w3c_dom3.js
[2024-06-30 15:41:36] [build-stdout] Done extracting /opt/codeql/javascript/tools/data/externs/web/w3c_dom3.js (19 ms)
[2024-06-30 15:41:36] [build-stdout] Extracting /opt/codeql/javascript/tools/data/externs/web/w3c_dom4.js
[2024-06-30 15:41:36] [build-stdout] Done extracting /opt/codeql/javascript/tools/data/externs/web/w3c_dom4.js (1 ms)
[2024-06-30 15:41:36] [build-stdout] Extracting /opt/codeql/javascript/tools/data/externs/web/w3c_elementtraversal.js
[2024-06-30 15:41:36] [build-stdout] Done extracting /opt/codeql/javascript/tools/data/externs/web/w3c_elementtraversal.js (1 ms)
[2024-06-30 15:41:36] [build-stdout] Extracting /opt/codeql/javascript/tools/data/externs/web/w3c_encoding.js
[2024-06-30 15:41:36] [build-stdout] Done extracting /opt/codeql/javascript/tools/data/externs/web/w3c_encoding.js (1 ms)
[2024-06-30 15:41:36] [build-stdout] Extracting /opt/codeql/javascript/tools/data/externs/web/w3c_event.js
[2024-06-30 15:41:36] [build-stdout] Done extracting /opt/codeql/javascript/tools/data/externs/web/w3c_event.js (13 ms)
[2024-06-30 15:41:36] [build-stdout] Extracting /opt/codeql/javascript/tools/data/externs/web/w3c_event3.js
[2024-06-30 15:41:36] [build-stdout] Done extracting /opt/codeql/javascript/tools/data/externs/web/w3c_event3.js (2 ms)
[2024-06-30 15:41:36] [build-stdout] Extracting /opt/codeql/javascript/tools/data/externs/web/w3c_gamepad.js
[2024-06-30 15:41:36] [build-stdout] Done extracting /opt/codeql/javascript/tools/data/externs/web/w3c_gamepad.js (1 ms)
[2024-06-30 15:41:36] [build-stdout] Extracting /opt/codeql/javascript/tools/data/externs/web/w3c_geolocation.js
[2024-06-30 15:41:36] [build-stdout] Done extracting /opt/codeql/javascript/tools/data/externs/web/w3c_geolocation.js (3 ms)
[2024-06-30 15:41:36] [build-stdout] Extracting /opt/codeql/javascript/tools/data/externs/web/w3c_indexeddb.js
[2024-06-30 15:41:36] [build-stdout] Done extracting /opt/codeql/javascript/tools/data/externs/web/w3c_indexeddb.js (19 ms)
[2024-06-30 15:41:36] [build-stdout] Extracting /opt/codeql/javascript/tools/data/externs/web/w3c_midi.js
[2024-06-30 15:41:36] [build-stdout] Done extracting /opt/codeql/javascript/tools/data/externs/web/w3c_midi.js (6 ms)
[2024-06-30 15:41:36] [build-stdout] Extracting /opt/codeql/javascript/tools/data/externs/web/w3c_navigation_timing.js
[2024-06-30 15:41:37] [build-stdout] Done extracting /opt/codeql/javascript/tools/data/externs/web/w3c_navigation_timing.js (7 ms)
[2024-06-30 15:41:37] [build-stdout] Extracting /opt/codeql/javascript/tools/data/externs/web/w3c_permissions.js
[2024-06-30 15:41:37] [build-stdout] Done extracting /opt/codeql/javascript/tools/data/externs/web/w3c_permissions.js (2 ms)
[2024-06-30 15:41:37] [build-stdout] Extracting /opt/codeql/javascript/tools/data/externs/web/w3c_pointer_events.js
[2024-06-30 15:41:37] [build-stdout] Done extracting /opt/codeql/javascript/tools/data/externs/web/w3c_pointer_events.js (2 ms)
[2024-06-30 15:41:37] [build-stdout] Extracting /opt/codeql/javascript/tools/data/externs/web/w3c_range.js
[2024-06-30 15:41:37] [build-stdout] Done extracting /opt/codeql/javascript/tools/data/externs/web/w3c_range.js (5 ms)
[2024-06-30 15:41:37] [build-stdout] Extracting /opt/codeql/javascript/tools/data/externs/web/w3c_requestidlecallback.js
[2024-06-30 15:41:37] [build-stdout] Done extracting /opt/codeql/javascript/tools/data/externs/web/w3c_requestidlecallback.js (1 ms)
[2024-06-30 15:41:37] [build-stdout] Extracting /opt/codeql/javascript/tools/data/externs/web/w3c_rtc.js
[2024-06-30 15:41:37] [build-stdout] Done extracting /opt/codeql/javascript/tools/data/externs/web/w3c_rtc.js (50 ms)
[2024-06-30 15:41:37] [build-stdout] Extracting /opt/codeql/javascript/tools/data/externs/web/w3c_screen_orientation.js
[2024-06-30 15:41:37] [build-stdout] Done extracting /opt/codeql/javascript/tools/data/externs/web/w3c_screen_orientation.js (1 ms)
[2024-06-30 15:41:37] [build-stdout] Extracting /opt/codeql/javascript/tools/data/externs/web/w3c_selectors.js
[2024-06-30 15:41:37] [build-stdout] Done extracting /opt/codeql/javascript/tools/data/externs/web/w3c_selectors.js (2 ms)
[2024-06-30 15:41:37] [build-stdout] Extracting /opt/codeql/javascript/tools/data/externs/web/w3c_serviceworker.js
[2024-06-30 15:41:37] [build-stdout] Done extracting /opt/codeql/javascript/tools/data/externs/web/w3c_serviceworker.js (15 ms)
[2024-06-30 15:41:37] [build-stdout] Extracting /opt/codeql/javascript/tools/data/externs/web/w3c_touch_event.js
[2024-06-30 15:41:37] [build-stdout] Done extracting /opt/codeql/javascript/tools/data/externs/web/w3c_touch_event.js (5 ms)
[2024-06-30 15:41:37] [build-stdout] Extracting /opt/codeql/javascript/tools/data/externs/web/w3c_webcrypto.js
[2024-06-30 15:41:37] [build-stdout] Done extracting /opt/codeql/javascript/tools/data/externs/web/w3c_webcrypto.js (9 ms)
[2024-06-30 15:41:37] [build-stdout] Extracting /opt/codeql/javascript/tools/data/externs/web/w3c_xml.js
[2024-06-30 15:41:37] [build-stdout] Done extracting /opt/codeql/javascript/tools/data/externs/web/w3c_xml.js (8 ms)
[2024-06-30 15:41:37] [build-stdout] Extracting /opt/codeql/javascript/tools/data/externs/web/webgl.js
[2024-06-30 15:41:37] [build-stdout] Done extracting /opt/codeql/javascript/tools/data/externs/web/webgl.js (81 ms)
[2024-06-30 15:41:37] [build-stdout] Extracting /opt/codeql/javascript/tools/data/externs/web/webkit_css.js
[2024-06-30 15:41:37] [build-stdout] Done extracting /opt/codeql/javascript/tools/data/externs/web/webkit_css.js (32 ms)
[2024-06-30 15:41:37] [build-stdout] Extracting /opt/codeql/javascript/tools/data/externs/web/webkit_dom.js
[2024-06-30 15:41:37] [build-stdout] Done extracting /opt/codeql/javascript/tools/data/externs/web/webkit_dom.js (8 ms)
[2024-06-30 15:41:37] [build-stdout] Extracting /opt/codeql/javascript/tools/data/externs/web/webkit_event.js
[2024-06-30 15:41:37] [build-stdout] Done extracting /opt/codeql/javascript/tools/data/externs/web/webkit_event.js (1 ms)
[2024-06-30 15:41:37] [build-stdout] Extracting /opt/codeql/javascript/tools/data/externs/web/webkit_notifications.js
[2024-06-30 15:41:37] [build-stdout] Done extracting /opt/codeql/javascript/tools/data/externs/web/webkit_notifications.js (5 ms)
[2024-06-30 15:41:37] [build-stdout] Extracting /opt/codeql/javascript/tools/data/externs/web/webkit_usercontent.js
[2024-06-30 15:41:37] [build-stdout] Done extracting /opt/codeql/javascript/tools/data/externs/web/webkit_usercontent.js (0 ms)
[2024-06-30 15:41:37] [build-stdout] Extracting /opt/codeql/javascript/tools/data/externs/web/webstorage.js
[2024-06-30 15:41:37] [build-stdout] Done extracting /opt/codeql/javascript/tools/data/externs/web/webstorage.js (2 ms)
[2024-06-30 15:41:37] [build-stdout] Extracting /opt/codeql/javascript/tools/data/externs/web/whatwg_encoding.js
[2024-06-30 15:41:37] [build-stdout] Done extracting /opt/codeql/javascript/tools/data/externs/web/whatwg_encoding.js (1 ms)
[2024-06-30 15:41:37] [build-stdout] Extracting /opt/codeql/javascript/tools/data/externs/web/window.js
[2024-06-30 15:41:37] [build-stdout] Done extracting /opt/codeql/javascript/tools/data/externs/web/window.js (3 ms)
[2024-06-30 15:41:37] Plumbing command codeql database trace-command completed.
[2024-06-30 15:41:37] [PROGRESS] database create> Finalizing database at /home/jacob/projects/codeql-gettype-demo/subdir/exampledb.
[2024-06-30 15:41:37] Running plumbing command: codeql database finalize --no-db-cluster -- /home/jacob/projects/codeql-gettype-demo/subdir/exampledb
[2024-06-30 15:41:37] [PROGRESS] database finalize> Running TRAP import for CodeQL database at /home/jacob/projects/codeql-gettype-demo/subdir/exampledb...
[2024-06-30 15:41:37] Running plumbing command: codeql dataset import --dbscheme=/opt/codeql/javascript/semmlecode.javascript.dbscheme -- /home/jacob/projects/codeql-gettype-demo/subdir/exampledb/db-javascript /home/jacob/projects/codeql-gettype-demo/subdir/exampledb/trap/javascript
[2024-06-30 15:41:37] Clearing disk cache since the version file /home/jacob/projects/codeql-gettype-demo/subdir/exampledb/db-javascript/default/cache/version does not exist
[2024-06-30 15:41:37] Tuple pool not found. Clearing relations with cached strings
[2024-06-30 15:41:37] Trimming disk cache at /home/jacob/projects/codeql-gettype-demo/subdir/exampledb/db-javascript/default/cache in mode clear.
[2024-06-30 15:41:37] Sequence stamp origin is -6167502181582123944
[2024-06-30 15:41:37] Pausing evaluation to hard-clear memory at sequence stamp o+0
[2024-06-30 15:41:37] Unpausing evaluation
[2024-06-30 15:41:37] Pausing evaluation to quickly trim disk at sequence stamp o+1
[2024-06-30 15:41:37] Unpausing evaluation
[2024-06-30 15:41:37] Pausing evaluation to zealously trim disk at sequence stamp o+2
[2024-06-30 15:41:37] Unpausing evaluation
[2024-06-30 15:41:37] Trimming completed (3ms): Purged everything.
[2024-06-30 15:41:37] Scanning for files in /home/jacob/projects/codeql-gettype-demo/subdir/exampledb/trap/javascript
[2024-06-30 15:41:37] Found 113 TRAP files (8.24 MiB)
[2024-06-30 15:41:37] [PROGRESS] dataset import> Importing TRAP files
[2024-06-30 15:41:37] Importing example.ts.trap.gz (1 of 113)
[2024-06-30 15:41:37] Importing types.ts.trap.gz (2 of 113)
[2024-06-30 15:41:37] Importing es2016.js.trap.gz (3 of 113)
[2024-06-30 15:41:37] Importing es2017.js.trap.gz (4 of 113)
[2024-06-30 15:41:37] Importing es3.js.trap.gz (5 of 113)
[2024-06-30 15:41:37] Importing es5.js.trap.gz (6 of 113)
[2024-06-30 15:41:37] Importing es6.js.trap.gz (7 of 113)
[2024-06-30 15:41:37] Importing es6_collections.js.trap.gz (8 of 113)
[2024-06-30 15:41:37] Importing intl.js.trap.gz (9 of 113)
[2024-06-30 15:41:37] Importing proxy.js.trap.gz (10 of 113)
[2024-06-30 15:41:37] Importing bdd.js.trap.gz (11 of 113)
[2024-06-30 15:41:37] Importing jquery-3.2.js.trap.gz (12 of 113)
[2024-06-30 15:41:37] Importing should.js.trap.gz (13 of 113)
[2024-06-30 15:41:37] Importing vows.js.trap.gz (14 of 113)
[2024-06-30 15:41:37] Importing assert.js.trap.gz (15 of 113)
[2024-06-30 15:41:37] Importing assert_legacy.js.trap.gz (16 of 113)
[2024-06-30 15:41:37] Importing buffer.js.trap.gz (17 of 113)
[2024-06-30 15:41:37] Importing child_process.js.trap.gz (18 of 113)
[2024-06-30 15:41:37] Importing cluster.js.trap.gz (19 of 113)
[2024-06-30 15:41:37] Importing console.js.trap.gz (20 of 113)
[2024-06-30 15:41:37] Importing constants.js.trap.gz (21 of 113)
[2024-06-30 15:41:37] Importing crypto.js.trap.gz (22 of 113)
[2024-06-30 15:41:37] Importing dgram.js.trap.gz (23 of 113)
[2024-06-30 15:41:37] Importing dns.js.trap.gz (24 of 113)
[2024-06-30 15:41:37] Importing domain.js.trap.gz (25 of 113)
[2024-06-30 15:41:37] Importing events.js.trap.gz (26 of 113)
[2024-06-30 15:41:37] Importing fs.js.trap.gz (27 of 113)
[2024-06-30 15:41:37] Importing globals.js.trap.gz (28 of 113)
[2024-06-30 15:41:37] Importing http.js.trap.gz (29 of 113)
[2024-06-30 15:41:37] Importing https.js.trap.gz (30 of 113)
[2024-06-30 15:41:37] Importing module.js.trap.gz (31 of 113)
[2024-06-30 15:41:37] Importing net.js.trap.gz (32 of 113)
[2024-06-30 15:41:37] Importing os.js.trap.gz (33 of 113)
[2024-06-30 15:41:37] Importing path.js.trap.gz (34 of 113)
[2024-06-30 15:41:37] Importing process.js.trap.gz (35 of 113)
[2024-06-30 15:41:37] Importing punycode.js.trap.gz (36 of 113)
[2024-06-30 15:41:37] Importing querystring.js.trap.gz (37 of 113)
[2024-06-30 15:41:37] Importing readline.js.trap.gz (38 of 113)
[2024-06-30 15:41:37] Importing repl.js.trap.gz (39 of 113)
[2024-06-30 15:41:37] Importing stream.js.trap.gz (40 of 113)
[2024-06-30 15:41:37] Importing string_decoder.js.trap.gz (41 of 113)
[2024-06-30 15:41:37] Importing sys.js.trap.gz (42 of 113)
[2024-06-30 15:41:37] Importing timers.js.trap.gz (43 of 113)
[2024-06-30 15:41:37] Importing tls.js.trap.gz (44 of 113)
[2024-06-30 15:41:37] Importing tty.js.trap.gz (45 of 113)
[2024-06-30 15:41:37] Importing url.js.trap.gz (46 of 113)
[2024-06-30 15:41:37] Importing util.js.trap.gz (47 of 113)
[2024-06-30 15:41:37] Importing v8.js.trap.gz (48 of 113)
[2024-06-30 15:41:37] Importing vm.js.trap.gz (49 of 113)
[2024-06-30 15:41:37] Importing zlib.js.trap.gz (50 of 113)
[2024-06-30 15:41:37] Importing jsshell.js.trap.gz (51 of 113)
[2024-06-30 15:41:37] Importing rhino.js.trap.gz (52 of 113)
[2024-06-30 15:41:37] Importing spidermonkey.js.trap.gz (53 of 113)
[2024-06-30 15:41:37] Importing v8.js.trap.gz (54 of 113)
[2024-06-30 15:41:37] Importing chrome.js.trap.gz (55 of 113)
[2024-06-30 15:41:37] Importing fetchapi.js.trap.gz (56 of 113)
[2024-06-30 15:41:37] Importing fileapi.js.trap.gz (57 of 113)
[2024-06-30 15:41:37] Importing flash.js.trap.gz (58 of 113)
[2024-06-30 15:41:37] Importing gecko_css.js.trap.gz (59 of 113)
[2024-06-30 15:41:37] Importing gecko_dom.js.trap.gz (60 of 113)
[2024-06-30 15:41:37] Importing gecko_event.js.trap.gz (61 of 113)
[2024-06-30 15:41:37] Importing gecko_ext.js.trap.gz (62 of 113)
[2024-06-30 15:41:37] Importing gecko_xml.js.trap.gz (63 of 113)
[2024-06-30 15:41:37] Importing html5.js.trap.gz (64 of 113)
[2024-06-30 15:41:37] Importing ie_css.js.trap.gz (65 of 113)
[2024-06-30 15:41:37] Importing ie_dom.js.trap.gz (66 of 113)
[2024-06-30 15:41:37] Importing ie_event.js.trap.gz (67 of 113)
[2024-06-30 15:41:37] Importing ie_vml.js.trap.gz (68 of 113)
[2024-06-30 15:41:37] Importing intl.js.trap.gz (69 of 113)
[2024-06-30 15:41:37] Importing iphone.js.trap.gz (70 of 113)
[2024-06-30 15:41:37] Importing mediasource.js.trap.gz (71 of 113)
[2024-06-30 15:41:37] Importing page_visibility.js.trap.gz (72 of 113)
[2024-06-30 15:41:37] Importing streamsapi.js.trap.gz (73 of 113)
[2024-06-30 15:41:37] Importing url.js.trap.gz (74 of 113)
[2024-06-30 15:41:37] Importing w3c_anim_timing.js.trap.gz (75 of 113)
[2024-06-30 15:41:37] Importing w3c_batterystatus.js.trap.gz (76 of 113)
[2024-06-30 15:41:37] Importing w3c_css.js.trap.gz (77 of 113)
[2024-06-30 15:41:37] Importing w3c_css3d.js.trap.gz (78 of 113)
[2024-06-30 15:41:37] Importing w3c_device_sensor_event.js.trap.gz (79 of 113)
[2024-06-30 15:41:37] Importing w3c_dom1.js.trap.gz (80 of 113)
[2024-06-30 15:41:37] Importing w3c_dom2.js.trap.gz (81 of 113)
[2024-06-30 15:41:37] Importing w3c_dom3.js.trap.gz (82 of 113)
[2024-06-30 15:41:37] Importing w3c_dom4.js.trap.gz (83 of 113)
[2024-06-30 15:41:37] Importing w3c_elementtraversal.js.trap.gz (84 of 113)
[2024-06-30 15:41:37] Importing w3c_encoding.js.trap.gz (85 of 113)
[2024-06-30 15:41:37] Importing w3c_event.js.trap.gz (86 of 113)
[2024-06-30 15:41:37] Importing w3c_event3.js.trap.gz (87 of 113)
[2024-06-30 15:41:37] Importing w3c_gamepad.js.trap.gz (88 of 113)
[2024-06-30 15:41:37] Importing w3c_geolocation.js.trap.gz (89 of 113)
[2024-06-30 15:41:37] Importing w3c_indexeddb.js.trap.gz (90 of 113)
[2024-06-30 15:41:37] Importing w3c_midi.js.trap.gz (91 of 113)
[2024-06-30 15:41:37] Importing w3c_navigation_timing.js.trap.gz (92 of 113)
[2024-06-30 15:41:37] Importing w3c_permissions.js.trap.gz (93 of 113)
[2024-06-30 15:41:37] Importing w3c_pointer_events.js.trap.gz (94 of 113)
[2024-06-30 15:41:37] Importing w3c_range.js.trap.gz (95 of 113)
[2024-06-30 15:41:37] Importing w3c_requestidlecallback.js.trap.gz (96 of 113)
[2024-06-30 15:41:37] Importing w3c_rtc.js.trap.gz (97 of 113)
[2024-06-30 15:41:38] Importing w3c_screen_orientation.js.trap.gz (98 of 113)
[2024-06-30 15:41:38] Importing w3c_selectors.js.trap.gz (99 of 113)
[2024-06-30 15:41:38] Importing w3c_serviceworker.js.trap.gz (100 of 113)
[2024-06-30 15:41:38] Importing w3c_touch_event.js.trap.gz (101 of 113)
[2024-06-30 15:41:38] Importing w3c_webcrypto.js.trap.gz (102 of 113)
[2024-06-30 15:41:38] Importing w3c_xml.js.trap.gz (103 of 113)
[2024-06-30 15:41:38] Importing webgl.js.trap.gz (104 of 113)
[2024-06-30 15:41:38] Importing webkit_css.js.trap.gz (105 of 113)
[2024-06-30 15:41:38] Importing webkit_dom.js.trap.gz (106 of 113)
[2024-06-30 15:41:38] Importing webkit_event.js.trap.gz (107 of 113)
[2024-06-30 15:41:38] Importing webkit_notifications.js.trap.gz (108 of 113)
[2024-06-30 15:41:38] Importing webkit_usercontent.js.trap.gz (109 of 113)
[2024-06-30 15:41:38] Importing webstorage.js.trap.gz (110 of 113)
[2024-06-30 15:41:38] Importing whatwg_encoding.js.trap.gz (111 of 113)
[2024-06-30 15:41:38] Importing window.js.trap.gz (112 of 113)
[2024-06-30 15:41:38] Importing sourceLocationPrefix.trap.gz (113 of 113)
[2024-06-30 15:41:38] [PROGRESS] dataset import> Merging relations
[2024-06-30 15:41:38] Merging 1 fragment for 'files'.
[2024-06-30 15:41:38] Merged 896 bytes for 'files'.
[2024-06-30 15:41:38] Merging 1 fragment for 'folders'.
[2024-06-30 15:41:38] Merged 136 bytes for 'folders'.
[2024-06-30 15:41:38] Merging 1 fragment for 'containerparent'.
[2024-06-30 15:41:38] Merged 1024 bytes (1.00 KiB) for 'containerparent'.
[2024-06-30 15:41:38] Merging 2 fragments for 'locations_default'.
[2024-06-30 15:41:38] Merged 4529088 bytes (4.32 MiB) for 'locations_default'.
[2024-06-30 15:41:38] Merging 3 fragments for 'hasLocation'.
[2024-06-30 15:41:38] Merged 1863048 bytes (1.78 MiB) for 'hasLocation'.
[2024-06-30 15:41:38] Merging 1 fragment for 'extraction_data'.
[2024-06-30 15:41:38] Merged 1792 bytes (1.75 KiB) for 'extraction_data'.
[2024-06-30 15:41:38] Merging 1 fragment for 'scopes'.
[2024-06-30 15:41:38] Merged 31368 bytes (30.63 KiB) for 'scopes'.
[2024-06-30 15:41:38] Merging 1 fragment for 'indentation'.
[2024-06-30 15:41:38] Merged 403568 bytes (394.11 KiB) for 'indentation'.
[2024-06-30 15:41:38] Merging 1 fragment for 'numlines'.
[2024-06-30 15:41:38] Merged 3584 bytes (3.50 KiB) for 'numlines'.
[2024-06-30 15:41:38] Merging 1 fragment for 'tokeninfo'.
[2024-06-30 15:41:38] Merged 1778540 bytes (1.70 MiB) for 'tokeninfo'.
[2024-06-30 15:41:38] Merging 1 fragment for 'toplevels'.
[2024-06-30 15:41:38] Merged 896 bytes for 'toplevels'.
[2024-06-30 15:41:38] Merging 1 fragment for 'scopenodes'.
[2024-06-30 15:41:38] Merged 31360 bytes (30.62 KiB) for 'scopenodes'.
[2024-06-30 15:41:38] Merging 1 fragment for 'scopenesting'.
[2024-06-30 15:41:38] Merged 31360 bytes (30.62 KiB) for 'scopenesting'.
[2024-06-30 15:41:38] Merging 1 fragment for 'is_module'.
[2024-06-30 15:41:38] Merged 152 bytes for 'is_module'.
[2024-06-30 15:41:38] Merging 1 fragment for 'is_es2015_module'.
[2024-06-30 15:41:38] Merged 8 bytes for 'is_es2015_module'.
[2024-06-30 15:41:38] Merging 1 fragment for 'variables'.
[2024-06-30 15:41:38] Merged 119892 bytes (117.08 KiB) for 'variables'.
[2024-06-30 15:41:38] Merging 1 fragment for 'local_type_names'.
[2024-06-30 15:41:38] Merged 24 bytes for 'local_type_names'.
[2024-06-30 15:41:38] Merging 1 fragment for 'local_namespace_names'.
[2024-06-30 15:41:38] Merged 12 bytes for 'local_namespace_names'.
[2024-06-30 15:41:38] Merging 1 fragment for 'stmts'.
[2024-06-30 15:41:38] Merged 280820 bytes (274.24 KiB) for 'stmts'.
[2024-06-30 15:41:38] Merging 1 fragment for 'stmt_containers'.
[2024-06-30 15:41:38] Merged 112328 bytes (109.70 KiB) for 'stmt_containers'.
[2024-06-30 15:41:38] Merging 1 fragment for 'exprs'.
[2024-06-30 15:41:38] Merged 1209800 bytes (1.15 MiB) for 'exprs'.
[2024-06-30 15:41:38] Merging 1 fragment for 'enclosing_stmt'.
[2024-06-30 15:41:38] Merged 438272 bytes (428.00 KiB) for 'enclosing_stmt'.
[2024-06-30 15:41:38] Merging 1 fragment for 'expr_containers'.
[2024-06-30 15:41:38] Merged 483968 bytes (472.62 KiB) for 'expr_containers'.
[2024-06-30 15:41:38] Merging 1 fragment for 'literals'.
[2024-06-30 15:41:38] Merged 415740 bytes (406.00 KiB) for 'literals'.
[2024-06-30 15:41:38] Merging 1 fragment for 'regexpterm'.
[2024-06-30 15:41:38] Merged 560 bytes for 'regexpterm'.
[2024-06-30 15:41:38] Merging 1 fragment for 'regexp_const_value'.
[2024-06-30 15:41:38] Merged 176 bytes for 'regexp_const_value'.
[2024-06-30 15:41:38] Merging 1 fragment for 'decl'.
[2024-06-30 15:41:38] Merged 47584 bytes (46.47 KiB) for 'decl'.
[2024-06-30 15:41:38] Merging 1 fragment for 'typedecl'.
[2024-06-30 15:41:38] Merged 16 bytes for 'typedecl'.
[2024-06-30 15:41:38] Merging 1 fragment for 'namespacedecl'.
[2024-06-30 15:41:38] Merged 8 bytes for 'namespacedecl'.
[2024-06-30 15:41:38] Merging 1 fragment for 'typeexprs'.
[2024-06-30 15:41:38] Merged 120 bytes for 'typeexprs'.
[2024-06-30 15:41:38] Merging 1 fragment for 'typebind'.
[2024-06-30 15:41:38] Merged 16 bytes for 'typebind'.
[2024-06-30 15:41:38] Merging 1 fragment for 'bind'.
[2024-06-30 15:41:38] Merged 80184 bytes (78.30 KiB) for 'bind'.
[2024-06-30 15:41:38] Merging 1 fragment for 'entry_cfg_node'.
[2024-06-30 15:41:38] Merged 31952 bytes (31.20 KiB) for 'entry_cfg_node'.
[2024-06-30 15:41:38] Merging 1 fragment for 'exit_cfg_node'.
[2024-06-30 15:41:38] Merged 31952 bytes (31.20 KiB) for 'exit_cfg_node'.
[2024-06-30 15:41:38] Merging 1 fragment for 'successor'.
[2024-06-30 15:41:38] Merged 628976 bytes (614.23 KiB) for 'successor'.
[2024-06-30 15:41:38] Merging 1 fragment for 'filetype'.
[2024-06-30 15:41:38] Merged 896 bytes for 'filetype'.
[2024-06-30 15:41:38] Merging 1 fragment for 'extraction_time'.
[2024-06-30 15:41:38] Merged 40320 bytes (39.38 KiB) for 'extraction_time'.
[2024-06-30 15:41:38] Merging 1 fragment for 'properties'.
[2024-06-30 15:41:38] Merged 1720 bytes (1.68 KiB) for 'properties'.
[2024-06-30 15:41:38] Merging 1 fragment for 'is_abstract_member'.
[2024-06-30 15:41:38] Merged 8 bytes for 'is_abstract_member'.
[2024-06-30 15:41:38] Merging 1 fragment for 'comments'.
[2024-06-30 15:41:38] Merged 211600 bytes (206.64 KiB) for 'comments'.
[2024-06-30 15:41:38] Merging 1 fragment for 'next_token'.
[2024-06-30 15:41:38] Merged 84640 bytes (82.66 KiB) for 'next_token'.
[2024-06-30 15:41:38] Merging 1 fragment for 'jsdoc'.
[2024-06-30 15:41:38] Merged 110076 bytes (107.50 KiB) for 'jsdoc'.
[2024-06-30 15:41:38] Merging 1 fragment for 'jsdoc_tags'.
[2024-06-30 15:41:38] Merged 362440 bytes (353.95 KiB) for 'jsdoc_tags'.
[2024-06-30 15:41:38] Merging 1 fragment for 'jsdoc_tag_descriptions'.
[2024-06-30 15:41:38] Merged 27432 bytes (26.79 KiB) for 'jsdoc_tag_descriptions'.
[2024-06-30 15:41:38] Merging 1 fragment for 'jsdoc_tag_names'.
[2024-06-30 15:41:38] Merged 39352 bytes (38.43 KiB) for 'jsdoc_tag_names'.
[2024-06-30 15:41:38] Merging 1 fragment for 'jsdoc_type_exprs'.
[2024-06-30 15:41:38] Merged 464080 bytes (453.20 KiB) for 'jsdoc_type_exprs'.
[2024-06-30 15:41:38] Merging 1 fragment for 'is_arguments_object'.
[2024-06-30 15:41:38] Merged 15524 bytes (15.16 KiB) for 'is_arguments_object'.
[2024-06-30 15:41:38] Merging 1 fragment for 'is_externs'.
[2024-06-30 15:41:38] Merged 440 bytes for 'is_externs'.
[2024-06-30 15:41:38] Merging 1 fragment for 'jsdoc_prefix_qualifier'.
[2024-06-30 15:41:38] Merged 7192 bytes (7.02 KiB) for 'jsdoc_prefix_qualifier'.
[2024-06-30 15:41:38] Merging 1 fragment for 'jsdoc_errors'.
[2024-06-30 15:41:38] Merged 3200 bytes (3.12 KiB) for 'jsdoc_errors'.
[2024-06-30 15:41:38] Merging 1 fragment for 'jsdoc_record_field_name'.
[2024-06-30 15:41:38] Merged 5964 bytes (5.82 KiB) for 'jsdoc_record_field_name'.
[2024-06-30 15:41:38] Merging 1 fragment for 'jsdoc_has_new_parameter'.
[2024-06-30 15:41:38] Merged 28 bytes for 'jsdoc_has_new_parameter'.
[2024-06-30 15:41:38] Merging 1 fragment for 'guard_node'.
[2024-06-30 15:41:38] Merged 144 bytes for 'guard_node'.
[2024-06-30 15:41:38] Merging 1 fragment for 'is_nodejs'.
[2024-06-30 15:41:38] Merged 144 bytes for 'is_nodejs'.
[2024-06-30 15:41:38] Merging 1 fragment for 'sourceLocationPrefix'.
[2024-06-30 15:41:38] Merged 4 bytes for 'sourceLocationPrefix'.
[2024-06-30 15:41:38] Saving string and id pools to disk.
[2024-06-30 15:41:38] Finished importing TRAP files.
[2024-06-30 15:41:38] Read 44.37 MiB of uncompressed TRAP data.
[2024-06-30 15:41:38] Relation data size: 13.29 MiB (merge rate: 170.02 MiB/s)
[2024-06-30 15:41:38] String pool size: 5.53 MiB
[2024-06-30 15:41:38] ID pool size: 13.00 MiB
[2024-06-30 15:41:38] [PROGRESS] dataset import> Finished writing database (relations: 13.29 MiB; string pool: 5.53 MiB).
[2024-06-30 15:41:38] Pausing evaluation to close the cache at sequence stamp o+3
[2024-06-30 15:41:38] The disk cache is freshly trimmed; leave it be.
[2024-06-30 15:41:38] Unpausing evaluation
[2024-06-30 15:41:38] Plumbing command codeql dataset import completed.
[2024-06-30 15:41:38] [PROGRESS] database finalize> TRAP import complete (961ms).
[2024-06-30 15:41:38] Running plumbing command: codeql database cleanup -- /home/jacob/projects/codeql-gettype-demo/subdir/exampledb
[2024-06-30 15:41:38] [PROGRESS] database cleanup> Cleaning up existing TRAP files after import...
[2024-06-30 15:41:38] [PROGRESS] database cleanup> TRAP files cleaned up (1ms).
[2024-06-30 15:41:38] [PROGRESS] database cleanup> Cleaning up scratch directory...
[2024-06-30 15:41:38] [PROGRESS] database cleanup> Scratch directory cleaned up (0ms).
[2024-06-30 15:41:38] Running plumbing command: codeql dataset cleanup -- /home/jacob/projects/codeql-gettype-demo/subdir/exampledb/db-javascript
[2024-06-30 15:41:38] [PROGRESS] dataset cleanup> Cleaning up dataset in /home/jacob/projects/codeql-gettype-demo/subdir/exampledb/db-javascript.
[2024-06-30 15:41:38] Trimming disk cache at /home/jacob/projects/codeql-gettype-demo/subdir/exampledb/db-javascript/default/cache in mode trim.
[2024-06-30 15:41:38] Sequence stamp origin is -6167502177499357642
[2024-06-30 15:41:38] Pausing evaluation to quickly trim memory at sequence stamp o+0
[2024-06-30 15:41:38] Unpausing evaluation
[2024-06-30 15:41:38] Pausing evaluation to zealously trim disk at sequence stamp o+1
[2024-06-30 15:41:38] Unpausing evaluation
[2024-06-30 15:41:38] Trimming completed (0ms): Trimmed disposable data from cache.
[2024-06-30 15:41:38] Pausing evaluation to close the cache at sequence stamp o+2
[2024-06-30 15:41:38] The disk cache is freshly trimmed; leave it be.
[2024-06-30 15:41:38] Unpausing evaluation
[2024-06-30 15:41:38] [PROGRESS] dataset cleanup> Trimmed disposable data from cache.
[2024-06-30 15:41:38] [PROGRESS] dataset cleanup> Finalizing dataset in /home/jacob/projects/codeql-gettype-demo/subdir/exampledb/db-javascript
[2024-06-30 15:41:38] [DETAILS] dataset cleanup> Finished deleting ID pool from /home/jacob/projects/codeql-gettype-demo/subdir/exampledb/db-javascript (1ms).
[2024-06-30 15:41:38] Plumbing command codeql dataset cleanup completed.
[2024-06-30 15:41:38] Plumbing command codeql database cleanup completed with status 0.
[2024-06-30 15:41:38] [PROGRESS] database finalize> Finished zipping source archive (240.42 KiB).
[2024-06-30 15:41:38] Plumbing command codeql database finalize completed.
[2024-06-30 15:41:38] [PROGRESS] database create> Successfully created database at /home/jacob/projects/codeql-gettype-demo/subdir/exampledb.
[2024-06-30 15:41:38] Terminating normally.
